C51 COMPILER V9.56.0.0   MUSICGEN                                                          10/03/2017 22:43:49 PAGE 1   


C51 COMPILER V9.56.0.0, COMPILATION OF MODULE MUSICGEN
OBJECT MODULE PLACED IN .\Objects\musicGen.obj
COMPILER INVOKED BY: C:\Keil_v5\C51\BIN\C51.EXE musicGen.c OPTIMIZE(8,SPEED) BROWSE DEBUG OBJECTEXTEND PRINT(.\Listings\
                    -musicGen.lst) TABS(2) OBJECT(.\Objects\musicGen.obj)

line level    source

   1          #include "at89c5131.h"
   2          #include "stdio.h"
   3          
   4          sbit op = P0^0;
   5          int input=0,x = 0,delayMul=1;
   6          
   7          void delay_5us(int delay);
   8          void transmit_data(unsigned char str);
   9          void transmit_string(char* str,unsigned int  n);
  10          void init_serial();
  11          void outputTone(unsigned int inputInt);
  12          //void ISR_Serial(void);
  13          //-----------------------------------------outputTone-----------------------------
  14          void outputTone(unsigned int inputInt)
  15          {
  16   1        x=10000/(inputInt*delayMul);
  17   1        while(x>0)
  18   1        {
  19   2          op = 1;
  20   2          delay_5us(inputInt*delayMul);
  21   2          op = 0;
  22   2          delay_5us(inputInt*delayMul);
  23   2          x--;
  24   2        }
  25   1      }
  26          //-------------------------------------------------MAIN--------------------------
  27          void main()
  28          {
  29   1      P1 = 0x00;  //JUST TO SAVE POWER :P
  30   1      P0 = 0x00;  // making P0^1 AS OUTPUT is enough though
  31   1      init_serial();
  32   1      transmit_string("Welcome to Music Tone Generator!",32);
  33   1      
  34   1      while(1)
  35   1      {
  36   2        ////////////////////////////////////////first
  37   2        if(input=='z'){delayMul = 4;}
  38   2        if(input=='x'){delayMul = 2;}
  39   2        if(input=='c'){delayMul = 1;}
  40   2        ///////////////////////////////////////////////third
  41   2        while(input=='g') 
  42   2        {
  43   3          //transmit_string("g ",2);
  44   3          outputTone(454);
  45   3          //input =0;
  46   3          ////transmit_string("done ",4);
  47   3        }
  48   2        while(input=='h') 
  49   2        {
  50   3          //transmit_string("h ",2);
  51   3          outputTone(405);
  52   3          //input =0;
  53   3        }
  54   2        while(input=='j') 
C51 COMPILER V9.56.0.0   MUSICGEN                                                          10/03/2017 22:43:49 PAGE 2   

  55   2        {
  56   3          //transmit_string("j ",2);
  57   3          outputTone(382);
  58   3          //input =0;
  59   3        }
  60   2        while(input=='k') 
  61   2        {
  62   3          //transmit_string("k ",2);
  63   3          outputTone(340);
  64   3          //input =0;
  65   3        }
  66   2        while(input=='l') 
  67   2        {
  68   3          //transmit_string("l ",2);
  69   3          outputTone(303);
  70   3          //input =0;
  71   3        }
  72   2        while(input=='q') 
  73   2        {
  74   3          //transmit_string("q ",2);
  75   3          outputTone(286);
  76   3          //input =0;
  77   3        }
  78   2        while(input=='w') 
  79   2        {
  80   3          //transmit_string("w ",2);
  81   3          outputTone(255);
  82   3          //input =0;
  83   3        }
  84   2        /////////////////////////////////////////fourth
  85   2        while(input=='e') 
  86   2        {
  87   3          //transmit_string("e ",2);
  88   3          outputTone(227);
  89   3          ////input =0;
  90   3          //transmit_string("done ",4);
  91   3        }
  92   2        while(input=='r') 
  93   2        {
  94   3          //transmit_string("r ",2);
  95   3          outputTone(202);
  96   3          ////input =0;
  97   3        }
  98   2        while(input=='t') 
  99   2        {
 100   3          //transmit_string("t ",2);
 101   3          outputTone(191);
 102   3          ////input =0;
 103   3        }
 104   2        while(input=='y') 
 105   2        {
 106   3          //transmit_string("y ",2);
 107   3          outputTone(170);
 108   3          ////input =0;
 109   3        }
 110   2        while(input=='u') 
 111   2        {
 112   3          //transmit_string("u ",2);
 113   3          outputTone(151);
 114   3          //input =0;
 115   3        }
 116   2        while(input=='i') 
C51 COMPILER V9.56.0.0   MUSICGEN                                                          10/03/2017 22:43:49 PAGE 3   

 117   2        {
 118   3          //transmit_string("i ",2);
 119   3          outputTone(143);
 120   3          //input =0;
 121   3        }
 122   2        while(input=='o') 
 123   2        {
 124   3          //transmit_string("o ",2);
 125   3          outputTone(127);
 126   3          //input =0;
 127   3        }
 128   2        //////////////////////////////////////////////////////// only p
 129   2        while(input=='p') 
 130   2        {
 131   3          //transmit_string("p ",2);
 132   3          outputTone(114);
 133   3          //input =0;
 134   3        }
 135   2        ///////////////////////////////////////    middle black ones part-1 of 2
 136   2        while(input=='!') 
 137   2        {
 138   3          //transmit_string("1 ",2);
 139   3          outputTone(1716);
 140   3          //input =0;
 141   3          //transmit_string("done ",4);
 142   3        }
 143   2        while(input=='@') 
 144   2        {
 145   3          //transmit_string("2 ",2);
 146   3          outputTone(1443);
 147   3          //input =0;
 148   3        }
 149   2        while(input=='#') 
 150   2        {
 151   3          //transmit_string("3 ",2);
 152   3          outputTone(1286);
 153   3          //input =0;
 154   3        }
 155   2        while(input=='$') 
 156   2        {
 157   3          //transmit_string("4 ",2);
 158   3          outputTone(1081);
 159   3          //input =0;
 160   3        }
 161   2        while(input=='%') 
 162   2        {
 163   3          //transmit_string("5 ",2);
 164   3          outputTone(963);
 165   3          //input =0;
 166   3        }
 167   2        while(input=='^') 
 168   2        {
 169   3          //transmit_string("6 ",2);
 170   3          outputTone(858);
 171   3          //input =0;
 172   3        }
 173   2        while(input=='&') 
 174   2        {
 175   3          //transmit_string("7 ",2);
 176   3          outputTone(722);
 177   3          //input =0;
 178   3        }
C51 COMPILER V9.56.0.0   MUSICGEN                                                          10/03/2017 22:43:49 PAGE 4   

 179   2        while(input=='*') 
 180   2        {
 181   3          //transmit_string("8 ",2);
 182   3          outputTone(643);
 183   3          //input =0;
 184   3        }
 185   2        while(input=='(') 
 186   2        {
 187   3          //transmit_string("9 ",2);
 188   3          outputTone(540);
 189   3          //input =0;
 190   3        }
 191   2        while(input==')') 
 192   2        {
 193   3          //transmit_string("0 ",2);
 194   3          outputTone(482);
 195   3          //input =0;
 196   3        }
 197   2        //////////////////////////////////////////// middle black ones part2 of 2
 198   2        while(input=='1') 
 199   2        {
 200   3          //transmit_string("! ",2);
 201   3          outputTone(429);
 202   3          //input =0;
 203   3          //transmit_string("done ",4);
 204   3        }
 205   2        while(input=='2') 
 206   2        {
 207   3          //transmit_string("@ ",2);
 208   3          outputTone(361);
 209   3          //input =0;
 210   3        }
 211   2        while(input=='3') 
 212   2        {
 213   3          //transmit_string("# ",2);
 214   3          outputTone(321);
 215   3          //input =0;
 216   3        }
 217   2        while(input=='4') 
 218   2        {
 219   3          //transmit_string("$ ",2);
 220   3          outputTone(270);
 221   3          //input =0;
 222   3        }
 223   2        while(input=='5') 
 224   2        {
 225   3          //transmit_string("% ",2);
 226   3          outputTone(241);
 227   3          //input =0;
 228   3        }
 229   2        while(input=='6') 
 230   2        {
 231   3          //transmit_string("^ ",2);
 232   3          outputTone(214);
 233   3          //input =0;
 234   3        }
 235   2        while(input=='7') 
 236   2        {
 237   3          //transmit_string("& ",2);
 238   3          outputTone(180);
 239   3          //input =0;
 240   3        }
C51 COMPILER V9.56.0.0   MUSICGEN                                                          10/03/2017 22:43:49 PAGE 5   

 241   2        while(input=='8') 
 242   2        {
 243   3          //transmit_string("* ",2);
 244   3          outputTone(161);
 245   3          //input =0;
 246   3        }
 247   2        while(input=='9') 
 248   2        {
 249   3          //transmit_string("( ",2);
 250   3          outputTone(135);
 251   3          //input =0;
 252   3        }
 253   2        while(input=='0') 
 254   2        {
 255   3          //transmit_string(") ",2);
 256   3          outputTone(120);
 257   3          //input =0;
 258   3        }
 259   2        
 260   2        ////////////////////////////////////////////       END
 261   2      
 262   2      }
 263   1      }
 264          //-----------------------------------------receive_data---------------------------
 265          void receive_data(void) interrupt 4
 266          {
 267   1      if(RI==1)
 268   1      {
 269   2        RI=0;
 270   2        input = SBUF;
 271   2      
 272   2      }
 273   1      else if(TI==1)
 274   1      {
 275   2        TI=0;
 276   2      }
 277   1      }
 278          //////////////////////////////////////////////////////////////////////////////////
 279          void transmit_string(char* str,unsigned char  n)
 280          {
*** WARNING C235 IN LINE 280 OF musicGen.c: parameter 2: different types
 281   1      //function to transmit string of size n over TxD pin.
 282   1      while(n>0)
 283   1        {
 284   2          transmit_data(*str);
 285   2          str++;
 286   2          n--;
 287   2          TI=0;
 288   2        }
 289   1      }
 290          ////////////////////////////////////////////////////////////////////////////////////////
 291          void transmit_data(unsigned char str)
 292          {
 293   1      //function to transmit data over TxD pin.
 294   1        EA = 0; 
 295   1        ACC = str;
 296   1        ACC = ACC+0;
 297   1        TB8 = PSW^0;
 298   1        SBUF = str;
 299   1        while(TI==0);
 300   1        EA =1;
 301   1      }
C51 COMPILER V9.56.0.0   MUSICGEN                                                          10/03/2017 22:43:49 PAGE 6   

 302          //////////////////////////////////////////////////////////////////////////////////////////
 303          void init_serial()
 304          {
 305   1      //Initialize serial communication and interrupts
 306   1        SCON |= 0xD0;
 307   1        EA = 1;
 308   1        ES =1;
 309   1        TMOD |= 0x20;
 310   1        TH1 = 0xcc;
 311   1        TR1 = 1;
 312   1      }
 313          ////////////////////////////////////////////////////////////////////////////////////////////
 314          void delay_5us(int delay)
 315          {
 316   1        int d=0;
 317   1        while(delay>0)
 318   1        {
 319   2          for(d=0;d<2;d++);
 320   2          delay--;
 321   2        }
 322   1      }


MODULE INFORMATION:   STATIC OVERLAYABLE
   CODE SIZE        =    863    ----
   CONSTANT SIZE    =     33    ----
   XDATA SIZE       =   ----    ----
   PDATA SIZE       =   ----    ----
   DATA SIZE        =      6       6
   IDATA SIZE       =   ----    ----
   BIT SIZE         =   ----    ----
END OF MODULE INFORMATION.


C51 COMPILATION COMPLETE.  1 WARNING(S),  0 ERROR(S)
